<?xml version="1.0" encoding="UTF-8"?>
<!-- Generated by org.testng.reporters.JUnitReportReporter -->
<testsuite hostname="DESKTOP-O7UM0M3" failures="0" tests="1" name="TestScript.NSEIndiaStock_Test" time="0.000" errors="0" timestamp="2024-01-24T09:08:53 GMT" skipped="1">
  <testcase classname="TestScript.NSEIndiaStock_Test" name="testStockInformation" time="0.000">
    <skipped/>
  </testcase> <!-- testStockInformation -->
  <system-out/>
</testsuite> <!-- TestScript.NSEIndiaStock_Test -->
